C:\USERS\GEORGE\DESKTOP\PORTFOLIO IMAGES\OTHER PROJECTS\C++ LORENZ\PART 2 - ASSIGNMENT 2 SOLUTION\LORENZ SZ40 - ASSIGNMENT 2\DEBUG\BAUDOT.OBJ
C:\USERS\GEORGE\DESKTOP\PORTFOLIO IMAGES\OTHER PROJECTS\C++ LORENZ\PART 2 - ASSIGNMENT 2 SOLUTION\LORENZ SZ40 - ASSIGNMENT 2\DEBUG\LORENZMACHINE.OBJ
C:\USERS\GEORGE\DESKTOP\PORTFOLIO IMAGES\OTHER PROJECTS\C++ LORENZ\PART 2 - ASSIGNMENT 2 SOLUTION\LORENZ SZ40 - ASSIGNMENT 2\DEBUG\LORENZWHEEL.OBJ
C:\USERS\GEORGE\DESKTOP\PORTFOLIO IMAGES\OTHER PROJECTS\C++ LORENZ\PART 2 - ASSIGNMENT 2 SOLUTION\LORENZ SZ40 - ASSIGNMENT 2\DEBUG\LORENZWHEELCOLLECTION.OBJ
C:\USERS\GEORGE\DESKTOP\PORTFOLIO IMAGES\OTHER PROJECTS\C++ LORENZ\PART 2 - ASSIGNMENT 2 SOLUTION\LORENZ SZ40 - ASSIGNMENT 2\DEBUG\MAIN.OBJ
C:\USERS\GEORGE\DESKTOP\PORTFOLIO IMAGES\OTHER PROJECTS\C++ LORENZ\PART 2 - ASSIGNMENT 2 SOLUTION\LORENZ SZ40 - ASSIGNMENT 2\DEBUG\VC110.PDB
C:\USERS\GEORGE\DESKTOP\PORTFOLIO IMAGES\OTHER PROJECTS\C++ LORENZ\PART 2 - ASSIGNMENT 2 SOLUTION\DEBUG\LORENZ SZ40.ILK
C:\USERS\GEORGE\DESKTOP\PORTFOLIO IMAGES\OTHER PROJECTS\C++ LORENZ\PART 2 - ASSIGNMENT 2 SOLUTION\DEBUG\LORENZ SZ40.EXE
C:\USERS\GEORGE\DESKTOP\PORTFOLIO IMAGES\OTHER PROJECTS\C++ LORENZ\PART 2 - ASSIGNMENT 2 SOLUTION\DEBUG\LORENZ SZ40.PDB
C:\Users\George\Desktop\portfolio images\other projects\c++ lorenz\Part 2 - Assignment 2 Solution\Lorenz SZ40 - Assignment 2\Debug\Baudot.obj
C:\Users\George\Desktop\portfolio images\other projects\c++ lorenz\Part 2 - Assignment 2 Solution\Lorenz SZ40 - Assignment 2\Debug\LorenzMachine.obj
C:\Users\George\Desktop\portfolio images\other projects\c++ lorenz\Part 2 - Assignment 2 Solution\Lorenz SZ40 - Assignment 2\Debug\LorenzWheel.obj
C:\Users\George\Desktop\portfolio images\other projects\c++ lorenz\Part 2 - Assignment 2 Solution\Lorenz SZ40 - Assignment 2\Debug\LorenzWheelCollection.obj
C:\Users\George\Desktop\portfolio images\other projects\c++ lorenz\Part 2 - Assignment 2 Solution\Lorenz SZ40 - Assignment 2\Debug\main.obj
C:\Users\George\Desktop\portfolio images\other projects\c++ lorenz\Part 2 - Assignment 2 Solution\Lorenz SZ40 - Assignment 2\Debug\cl.command.1.tlog
C:\Users\George\Desktop\portfolio images\other projects\c++ lorenz\Part 2 - Assignment 2 Solution\Lorenz SZ40 - Assignment 2\Debug\CL.read.1.tlog
C:\Users\George\Desktop\portfolio images\other projects\c++ lorenz\Part 2 - Assignment 2 Solution\Lorenz SZ40 - Assignment 2\Debug\CL.write.1.tlog
C:\Users\George\Desktop\portfolio images\other projects\c++ lorenz\Part 2 - Assignment 2 Solution\Lorenz SZ40 - Assignment 2\Debug\link-cvtres.read.1.tlog
C:\Users\George\Desktop\portfolio images\other projects\c++ lorenz\Part 2 - Assignment 2 Solution\Lorenz SZ40 - Assignment 2\Debug\link-cvtres.write.1.tlog
C:\Users\George\Desktop\portfolio images\other projects\c++ lorenz\Part 2 - Assignment 2 Solution\Lorenz SZ40 - Assignment 2\Debug\link-rc.read.1.tlog
C:\Users\George\Desktop\portfolio images\other projects\c++ lorenz\Part 2 - Assignment 2 Solution\Lorenz SZ40 - Assignment 2\Debug\link-rc.write.1.tlog
C:\Users\George\Desktop\portfolio images\other projects\c++ lorenz\Part 2 - Assignment 2 Solution\Lorenz SZ40 - Assignment 2\Debug\link.command.1.tlog
C:\Users\George\Desktop\portfolio images\other projects\c++ lorenz\Part 2 - Assignment 2 Solution\Lorenz SZ40 - Assignment 2\Debug\link.read.1.tlog
C:\Users\George\Desktop\portfolio images\other projects\c++ lorenz\Part 2 - Assignment 2 Solution\Lorenz SZ40 - Assignment 2\Debug\link.write.1.tlog
C:\Users\George\Desktop\portfolio images\other projects\c++ lorenz\Part 2 - Assignment 2 Solution\Lorenz SZ40 - Assignment 2\Debug\vc110.idb
C:\Users\George\Desktop\portfolio images\other projects\c++ lorenz\Part 2 - Assignment 2 Solution\Lorenz SZ40 - Assignment 2\Debug\vc110.pdb
C:\Users\George\Desktop\portfolio images\other projects\c++ lorenz\Part 2 - Assignment 2 Solution\Debug\Lorenz SZ40.pdb
C:\Users\George\Desktop\portfolio images\other projects\c++ lorenz\Part 2 - Assignment 2 Solution\Debug\Lorenz SZ40.exe
C:\Users\George\Desktop\portfolio images\other projects\c++ lorenz\Part 2 - Assignment 2 Solution\Debug\Lorenz SZ40.ilk
